
> backend@0.0.0 start /home/ubuntu/askhub/askhub_vis/backend
> nodemon ./bin/www

[33m[nodemon] 1.19.1[39m
[33m[nodemon] to restart at any time, enter `rs`[39m
[33m[nodemon] watching: *.*[39m
[32m[nodemon] starting `node ./bin/www`[39m
events.js:183
      throw er; // Unhandled 'error' event
      ^

Error: EBADF: bad file descriptor, read

npm ERR! Linux 4.15.0-1044-aws
npm ERR! argv "/usr/bin/node" "/usr/bin/npm" "start"
npm ERR! node v8.10.0
npm ERR! npm  v3.5.2
npm ERR! code ELIFECYCLE
npm ERR! backend@0.0.0 start: `nodemon ./bin/www`
npm ERR! Exit status 1
npm ERR! 
npm ERR! Failed at the backend@0.0.0 start script 'nodemon ./bin/www'.
npm ERR! Make sure you have the latest version of node.js and npm installed.
npm ERR! If you do, this is most likely a problem with the backend package,
npm ERR! not with npm itself.
npm ERR! Tell the author that this fails on your system:
npm ERR!     nodemon ./bin/www
npm ERR! You can get information on how to open an issue for this project with:
npm ERR!     npm bugs backend
npm ERR! Or if that isn't available, you can get their info via:
npm ERR!     npm owner ls backend
npm ERR! There is likely additional logging output above.

npm ERR! Please include the following file with any support request:
npm ERR!     /home/ubuntu/askhub/askhub_vis/backend/npm-debug.log

> backend@0.0.0 start /home/ubuntu/askhub/askhub_vis/backend
> nodemon ./bin/www

[33m[nodemon] 1.19.1[39m
[33m[nodemon] to restart at any time, enter `rs`[39m
[33m[nodemon] watching: *.*[39m
[32m[nodemon] starting `node ./bin/www`[39m
events.js:183
      throw er; // Unhandled 'error' event
      ^

Error: EBADF: bad file descriptor, read

npm ERR! Linux 4.15.0-1044-aws
npm ERR! argv "/usr/bin/node" "/usr/bin/npm" "start"
npm ERR! node v8.10.0
npm ERR! npm  v3.5.2
npm ERR! code ELIFECYCLE
npm ERR! backend@0.0.0 start: `nodemon ./bin/www`
npm ERR! Exit status 1
npm ERR! 
npm ERR! Failed at the backend@0.0.0 start script 'nodemon ./bin/www'.
npm ERR! Make sure you have the latest version of node.js and npm installed.
npm ERR! If you do, this is most likely a problem with the backend package,
npm ERR! not with npm itself.
npm ERR! Tell the author that this fails on your system:
npm ERR!     nodemon ./bin/www
npm ERR! You can get information on how to open an issue for this project with:
npm ERR!     npm bugs backend
npm ERR! Or if that isn't available, you can get their info via:
npm ERR!     npm owner ls backend
npm ERR! There is likely additional logging output above.

npm ERR! Please include the following file with any support request:
npm ERR!     /home/ubuntu/askhub/askhub_vis/backend/npm-debug.log

> backend@0.0.0 start /home/ubuntu/askhub/askhub_vis/backend
> nodemon ./bin/www

[33m[nodemon] 1.19.1[39m
[33m[nodemon] to restart at any time, enter `rs`[39m
[33m[nodemon] watching: *.*[39m
[32m[nodemon] starting `node ./bin/www`[39m
events.js:183
      throw er; // Unhandled 'error' event
      ^

Error: EBADF: bad file descriptor, read

npm ERR! Linux 4.15.0-1044-aws
npm ERR! argv "/usr/bin/node" "/usr/bin/npm" "start"
npm ERR! node v8.10.0
npm ERR! npm  v3.5.2
npm ERR! code ELIFECYCLE
npm ERR! backend@0.0.0 start: `nodemon ./bin/www`
npm ERR! Exit status 1
npm ERR! 
npm ERR! Failed at the backend@0.0.0 start script 'nodemon ./bin/www'.
npm ERR! Make sure you have the latest version of node.js and npm installed.
npm ERR! If you do, this is most likely a problem with the backend package,
npm ERR! not with npm itself.
npm ERR! Tell the author that this fails on your system:
npm ERR!     nodemon ./bin/www
npm ERR! You can get information on how to open an issue for this project with:
npm ERR!     npm bugs backend
npm ERR! Or if that isn't available, you can get their info via:
npm ERR!     npm owner ls backend
npm ERR! There is likely additional logging output above.

npm ERR! Please include the following file with any support request:
npm ERR!     /home/ubuntu/askhub/askhub_vis/backend/npm-debug.log
